[{"line":1,"elements":[{"start_timestamp":"2024-08-31T05:01:10.563Z","line":3,"name":"user should be able to register using valid credentials","description":"","id":"register;user-should-be-able-to-register-using-valid-credentials","type":"scenario","keyword":"Scenario","steps":[{"result":{"duration":2340129800,"status":"passed"},"line":5,"name":"Browser is open","match":{"location":"stepDefination.Register.browser_is_open()"},"keyword":"Given "},{"result":{"duration":7763134300,"status":"passed"},"line":6,"name":"url is navigated to register page","match":{"location":"stepDefination.Register.url_is_navigated_to_register_page()"},"keyword":"And "},{"result":{"duration":479672700,"status":"passed"},"line":7,"name":"user enters valid credentials","match":{"location":"stepDefination.Register.user_enters_valid_credentials()"},"keyword":"When "},{"result":{"duration":1066999500,"status":"passed"},"line":8,"name":"user clicks on register button","match":{"location":"stepDefination.Register.user_clicks_on_register_button()"},"keyword":"And "},{"result":{"duration":46871900,"status":"passed"},"line":9,"name":"a new account should be created","match":{"location":"stepDefination.Register.a_new_account_should_be_created()"},"keyword":"Then "},{"result":{"duration":295783800,"status":"passed"},"line":10,"name":"browser should close","match":{"location":"stepDefination.Register.browser_should_close()"},"keyword":"And "}]}],"name":"Register","description":"","id":"register","keyword":"Feature","uri":"file:src/test/java/features/Register.feature","tags":[]},{"line":1,"elements":[{"start_timestamp":"2024-08-31T05:01:22.759Z","line":3,"name":"validate shopper can login using valid credentials","description":"","id":"shopperstacklogin;validate-shopper-can-login-using-valid-credentials","type":"scenario","keyword":"Scenario","steps":[{"result":{"duration":6032880500,"status":"passed"},"line":4,"name":"Browser is open and URL navigated","match":{"location":"stepDefination.SSLogin.browser_is_open_and_url_navigated()"},"keyword":"Given "},{"result":{"error_message":"org.openqa.selenium.NoSuchElementException: no such element: Unable to locate element: {\"method\":\"xpath\",\"selector\":\"//strong[contains(.,'Shopper')]\"}\n  (Session info: chrome=126.0.6478.127)\nFor documentation on this error, please visit: https://www.selenium.dev/documentation/webdriver/troubleshooting/errors#no-such-element-exception\nBuild info: version: '4.23.0', revision: '4df0a231af'\nSystem info: os.name: 'Windows 10', os.arch: 'amd64', os.version: '10.0', java.version: '22.0.2'\nDriver info: org.openqa.selenium.chrome.ChromeDriver\nCommand: [f4c2ab1507e181e3e0bf6ae3ffb1894f, findElement {using=xpath, value=//strong[contains(.,'Shopper')]}]\nCapabilities {acceptInsecureCerts: false, browserName: chrome, browserVersion: 126.0.6478.127, chrome: {chromedriverVersion: 126.0.6478.182 (5b5d8292ddf..., userDataDir: C:\\Users\\girij\\AppData\\Loca...}, fedcm:accounts: true, goog:chromeOptions: {debuggerAddress: localhost:50995}, networkConnectionEnabled: false, pageLoadStrategy: normal, platformName: windows, proxy: Proxy(), se:cdp: ws://localhost:50995/devtoo..., se:cdpVersion: 126.0.6478.127, setWindowRect: true, strictFileInteractability: false, timeouts: {implicit: 0, pageLoad: 300000, script: 30000}, unhandledPromptBehavior: dismiss and notify, webauthn:extension:credBlob: true, webauthn:extension:largeBlob: true, webauthn:extension:minPinLength: true, webauthn:extension:prf: true, webauthn:virtualAuthenticators: true}\nSession ID: f4c2ab1507e181e3e0bf6ae3ffb1894f\r\n\tat java.base/jdk.internal.reflect.DirectConstructorHandleAccessor.newInstance(DirectConstructorHandleAccessor.java:62)\r\n\tat java.base/java.lang.reflect.Constructor.newInstanceWithCaller(Constructor.java:502)\r\n\tat java.base/java.lang.reflect.Constructor.newInstance(Constructor.java:486)\r\n\tat org.openqa.selenium.remote.ErrorCodec.decode(ErrorCodec.java:167)\r\n\tat org.openqa.selenium.remote.codec.w3c.W3CHttpResponseCodec.decode(W3CHttpResponseCodec.java:138)\r\n\tat org.openqa.selenium.remote.codec.w3c.W3CHttpResponseCodec.decode(W3CHttpResponseCodec.java:50)\r\n\tat org.openqa.selenium.remote.HttpCommandExecutor.execute(HttpCommandExecutor.java:190)\r\n\tat org.openqa.selenium.remote.service.DriverCommandExecutor.invokeExecute(DriverCommandExecutor.java:216)\r\n\tat org.openqa.selenium.remote.service.DriverCommandExecutor.execute(DriverCommandExecutor.java:174)\r\n\tat org.openqa.selenium.remote.RemoteWebDriver.execute(RemoteWebDriver.java:527)\r\n\tat org.openqa.selenium.remote.ElementLocation$ElementFinder$2.findElement(ElementLocation.java:165)\r\n\tat org.openqa.selenium.remote.ElementLocation.findElement(ElementLocation.java:59)\r\n\tat org.openqa.selenium.remote.RemoteWebDriver.findElement(RemoteWebDriver.java:357)\r\n\tat org.openqa.selenium.remote.RemoteWebDriver.findElement(RemoteWebDriver.java:351)\r\n\tat stepDefination.SSLogin.shopper_login_is_displayed(SSLogin.java:69)\r\n\tat ✽.shopper login is displayed(file:///C:/Users/girij/OneDrive/Desktop/BDDFramework/BddProject/./src/test/java/features/SSLogin.feature:5)\r\n","duration":30031978400,"status":"failed"},"line":5,"name":"shopper login is displayed","match":{"location":"stepDefination.SSLogin.shopper_login_is_displayed()"},"keyword":"And "},{"result":{"duration":996900,"status":"skipped"},"line":6,"name":"user enters \"shopperkumar@gmail.com\" and \"Shopper@3770\"","match":{"arguments":[{"val":"\"shopperkumar@gmail.com\"","offset":12},{"val":"\"Shopper@3770\"","offset":41}],"location":"stepDefination.SSLogin.user_enters_and(java.lang.String,java.lang.String)"},"keyword":"When "},{"result":{"duration":996900,"status":"skipped"},"line":7,"name":"clicks on Login button","match":{"location":"stepDefination.SSLogin.clicks_on_login_button()"},"keyword":"And "},{"result":{"status":"skipped"},"line":8,"name":"shopper should be sucessfully logged in","match":{"location":"stepDefination.SSLogin.shopper_should_be_sucessfully_logged_in()"},"keyword":"Then "},{"result":{"duration":997200,"status":"skipped"},"line":9,"name":"Close Browser","match":{"location":"stepDefination.SSLogin.close_browser()"},"keyword":"And "}]},{"start_timestamp":"2024-08-31T05:01:58.894Z","line":11,"name":"validate merchant can login using valid credentials","description":"","id":"shopperstacklogin;validate-merchant-can-login-using-valid-credentials","type":"scenario","keyword":"Scenario","steps":[{"result":{"duration":6180715600,"status":"passed"},"line":12,"name":"Browser is open and URL navigated","match":{"location":"stepDefination.SSLogin.browser_is_open_and_url_navigated()"},"keyword":"Given "},{"result":{"duration":997400,"status":"passed"},"line":13,"name":"merchant login is displayed","match":{"location":"stepDefination.SSLogin.merchant_login_is_displayed()"},"keyword":"And "},{"result":{"error_message":"org.openqa.selenium.NoSuchElementException: no such element: Unable to locate element: {\"method\":\"css selector\",\"selector\":\"#Email\"}\n  (Session info: chrome=126.0.6478.127)\nFor documentation on this error, please visit: https://www.selenium.dev/documentation/webdriver/troubleshooting/errors#no-such-element-exception\nBuild info: version: '4.23.0', revision: '4df0a231af'\nSystem info: os.name: 'Windows 10', os.arch: 'amd64', os.version: '10.0', java.version: '22.0.2'\nDriver info: org.openqa.selenium.chrome.ChromeDriver\nCommand: [defde607880d1941082c0a48702fd644, findElement {using=id, value=Email}]\nCapabilities {acceptInsecureCerts: false, browserName: chrome, browserVersion: 126.0.6478.127, chrome: {chromedriverVersion: 126.0.6478.182 (5b5d8292ddf..., userDataDir: C:\\Users\\girij\\AppData\\Loca...}, fedcm:accounts: true, goog:chromeOptions: {debuggerAddress: localhost:51023}, networkConnectionEnabled: false, pageLoadStrategy: normal, platformName: windows, proxy: Proxy(), se:cdp: ws://localhost:51023/devtoo..., se:cdpVersion: 126.0.6478.127, setWindowRect: true, strictFileInteractability: false, timeouts: {implicit: 0, pageLoad: 300000, script: 30000}, unhandledPromptBehavior: dismiss and notify, webauthn:extension:credBlob: true, webauthn:extension:largeBlob: true, webauthn:extension:minPinLength: true, webauthn:extension:prf: true, webauthn:virtualAuthenticators: true}\nSession ID: defde607880d1941082c0a48702fd644\r\n\tat java.base/jdk.internal.reflect.DirectConstructorHandleAccessor.newInstance(DirectConstructorHandleAccessor.java:62)\r\n\tat java.base/java.lang.reflect.Constructor.newInstanceWithCaller(Constructor.java:502)\r\n\tat java.base/java.lang.reflect.Constructor.newInstance(Constructor.java:486)\r\n\tat org.openqa.selenium.remote.ErrorCodec.decode(ErrorCodec.java:167)\r\n\tat org.openqa.selenium.remote.codec.w3c.W3CHttpResponseCodec.decode(W3CHttpResponseCodec.java:138)\r\n\tat org.openqa.selenium.remote.codec.w3c.W3CHttpResponseCodec.decode(W3CHttpResponseCodec.java:50)\r\n\tat org.openqa.selenium.remote.HttpCommandExecutor.execute(HttpCommandExecutor.java:190)\r\n\tat org.openqa.selenium.remote.service.DriverCommandExecutor.invokeExecute(DriverCommandExecutor.java:216)\r\n\tat org.openqa.selenium.remote.service.DriverCommandExecutor.execute(DriverCommandExecutor.java:174)\r\n\tat org.openqa.selenium.remote.RemoteWebDriver.execute(RemoteWebDriver.java:527)\r\n\tat org.openqa.selenium.remote.ElementLocation$ElementFinder$2.findElement(ElementLocation.java:165)\r\n\tat org.openqa.selenium.remote.ElementLocation.findElement(ElementLocation.java:66)\r\n\tat org.openqa.selenium.remote.RemoteWebDriver.findElement(RemoteWebDriver.java:357)\r\n\tat org.openqa.selenium.remote.RemoteWebDriver.findElement(RemoteWebDriver.java:351)\r\n\tat stepDefination.SSLogin.user_enters_and(SSLogin.java:34)\r\n\tat ✽.user enters \"girija37701@gmail.com\" and \"Girija@3770\"(file:///C:/Users/girij/OneDrive/Desktop/BDDFramework/BddProject/./src/test/java/features/SSLogin.feature:14)\r\n","duration":30029282100,"status":"failed"},"line":14,"name":"user enters \"girija37701@gmail.com\" and \"Girija@3770\"","match":{"arguments":[{"val":"\"girija37701@gmail.com\"","offset":12},{"val":"\"Girija@3770\"","offset":40}],"location":"stepDefination.SSLogin.user_enters_and(java.lang.String,java.lang.String)"},"keyword":"When "},{"result":{"duration":997100,"status":"skipped"},"line":15,"name":"clicks on Login button","match":{"location":"stepDefination.SSLogin.clicks_on_login_button()"},"keyword":"And "},{"result":{"status":"skipped"},"line":16,"name":"merchant should be sucessfully logged in","match":{"location":"stepDefination.SSLogin.merchant_should_be_sucessfully_logged_in()"},"keyword":"Then "},{"result":{"duration":997500,"status":"skipped"},"line":17,"name":"Close Browser","match":{"location":"stepDefination.SSLogin.close_browser()"},"keyword":"And "}]},{"start_timestamp":"2024-08-31T05:02:35.187Z","line":19,"name":"validate admin can login using valid credentials","description":"","id":"shopperstacklogin;validate-admin-can-login-using-valid-credentials","type":"scenario","keyword":"Scenario","steps":[{"result":{"duration":7179227300,"status":"passed"},"line":20,"name":"Browser is open and URL navigated","match":{"location":"stepDefination.SSLogin.browser_is_open_and_url_navigated()"},"keyword":"Given "},{"result":{"duration":985800,"status":"passed"},"line":21,"name":"admin login is displayed","match":{"location":"stepDefination.SSLogin.admin_login_is_displayed()"},"keyword":"And "},{"result":{"duration":996900,"status":"passed"},"line":22,"name":"user enters valid \"qa_testadmindell@gmail.com\" and \"password@123\"","match":{"arguments":[{"val":"\"qa_testadmindell@gmail.com\"","offset":18},{"val":"\"password@123\"","offset":51}],"location":"stepDefination.SSLogin.user_enters_valid_and(java.lang.String,java.lang.String)"},"keyword":"When "},{"result":{"error_message":"org.openqa.selenium.NoSuchElementException: no such element: Unable to locate element: {\"method\":\"link text\",\"selector\":\"Login\"}\n  (Session info: chrome=126.0.6478.127)\nFor documentation on this error, please visit: https://www.selenium.dev/documentation/webdriver/troubleshooting/errors#no-such-element-exception\nBuild info: version: '4.23.0', revision: '4df0a231af'\nSystem info: os.name: 'Windows 10', os.arch: 'amd64', os.version: '10.0', java.version: '22.0.2'\nDriver info: org.openqa.selenium.chrome.ChromeDriver\nCommand: [134e7957b74c50031fd24028d27b44af, findElement {using=link text, value=Login}]\nCapabilities {acceptInsecureCerts: false, browserName: chrome, browserVersion: 126.0.6478.127, chrome: {chromedriverVersion: 126.0.6478.182 (5b5d8292ddf..., userDataDir: C:\\Users\\girij\\AppData\\Loca...}, fedcm:accounts: true, goog:chromeOptions: {debuggerAddress: localhost:51061}, networkConnectionEnabled: false, pageLoadStrategy: normal, platformName: windows, proxy: Proxy(), se:cdp: ws://localhost:51061/devtoo..., se:cdpVersion: 126.0.6478.127, setWindowRect: true, strictFileInteractability: false, timeouts: {implicit: 0, pageLoad: 300000, script: 30000}, unhandledPromptBehavior: dismiss and notify, webauthn:extension:credBlob: true, webauthn:extension:largeBlob: true, webauthn:extension:minPinLength: true, webauthn:extension:prf: true, webauthn:virtualAuthenticators: true}\nSession ID: 134e7957b74c50031fd24028d27b44af\r\n\tat java.base/jdk.internal.reflect.DirectConstructorHandleAccessor.newInstance(DirectConstructorHandleAccessor.java:62)\r\n\tat java.base/java.lang.reflect.Constructor.newInstanceWithCaller(Constructor.java:502)\r\n\tat java.base/java.lang.reflect.Constructor.newInstance(Constructor.java:486)\r\n\tat org.openqa.selenium.remote.ErrorCodec.decode(ErrorCodec.java:167)\r\n\tat org.openqa.selenium.remote.codec.w3c.W3CHttpResponseCodec.decode(W3CHttpResponseCodec.java:138)\r\n\tat org.openqa.selenium.remote.codec.w3c.W3CHttpResponseCodec.decode(W3CHttpResponseCodec.java:50)\r\n\tat org.openqa.selenium.remote.HttpCommandExecutor.execute(HttpCommandExecutor.java:190)\r\n\tat org.openqa.selenium.remote.service.DriverCommandExecutor.invokeExecute(DriverCommandExecutor.java:216)\r\n\tat org.openqa.selenium.remote.service.DriverCommandExecutor.execute(DriverCommandExecutor.java:174)\r\n\tat org.openqa.selenium.remote.RemoteWebDriver.execute(RemoteWebDriver.java:527)\r\n\tat org.openqa.selenium.remote.ElementLocation$ElementFinder$2.findElement(ElementLocation.java:165)\r\n\tat org.openqa.selenium.remote.ElementLocation.findElement(ElementLocation.java:59)\r\n\tat org.openqa.selenium.remote.RemoteWebDriver.findElement(RemoteWebDriver.java:357)\r\n\tat org.openqa.selenium.remote.RemoteWebDriver.findElement(RemoteWebDriver.java:351)\r\n\tat stepDefination.SSLogin.clicks_on_login_button(SSLogin.java:41)\r\n\tat ✽.clicks on Login button(file:///C:/Users/girij/OneDrive/Desktop/BDDFramework/BddProject/./src/test/java/features/SSLogin.feature:23)\r\n","duration":30063002900,"status":"failed"},"line":23,"name":"clicks on Login button","match":{"location":"stepDefination.SSLogin.clicks_on_login_button()"},"keyword":"And "},{"result":{"status":"skipped"},"line":24,"name":"admin should be sucessfully logged in","match":{"location":"stepDefination.SSLogin.admin_should_be_sucessfully_logged_in()"},"keyword":"Then "},{"result":{"duration":998400,"status":"skipped"},"line":25,"name":"Close Browser","match":{"location":"stepDefination.SSLogin.close_browser()"},"keyword":"And "}]}],"name":"ShopperStackLogin","description":"","id":"shopperstacklogin","keyword":"Feature","uri":"file:src/test/java/features/SSLogin.feature","tags":[]},{"line":1,"elements":[{"start_timestamp":"2024-08-31T05:03:12.458Z","line":11,"name":"validate when user enters text in search text filed then search result must be display","description":"","id":"search;validate-when-user-enters-text-in-search-text-filed-then-search-result-must-be-display;;2","type":"scenario","keyword":"Scenario Outline","steps":[{"result":{"duration":995300,"status":"passed"},"line":5,"name":"welcome page is displayed","match":{"location":"stepDefination.Search.welcome_page_is_displayed()"},"keyword":"Given "},{"result":{"error_message":"io.cucumber.java.PendingException: TODO: implement me\r\n\tat stepDefination.Search.user_enters_computer_in_search_text_filed(Search.java:17)\r\n\tat ✽.user enters\"computer\" in search textFiled(file:///C:/Users/girij/OneDrive/Desktop/BDDFramework/BddProject/./src/test/java/features/Search.feature:6)\r\n","duration":2991400,"status":"pending"},"line":6,"name":"user enters\"computer\" in search textFiled","match":{"location":"stepDefination.Search.user_enters_computer_in_search_text_filed()"},"keyword":"When "},{"result":{"status":"skipped"},"line":7,"name":"search results must be displayed","match":{"location":"stepDefination.Search.search_results_must_be_displayed()"},"keyword":"Then "}]},{"start_timestamp":"2024-08-31T05:03:12.490Z","line":12,"name":"validate when user enters text in search text filed then search result must be display","description":"","id":"search;validate-when-user-enters-text-in-search-text-filed-then-search-result-must-be-display;;3","type":"scenario","keyword":"Scenario Outline","steps":[{"result":{"status":"passed"},"line":5,"name":"welcome page is displayed","match":{"location":"stepDefination.Search.welcome_page_is_displayed()"},"keyword":"Given "},{"result":{"error_message":"io.cucumber.java.PendingException: TODO: implement me\r\n\tat stepDefination.Search.user_enters_books_in_search_text_filed(Search.java:23)\r\n\tat ✽.user enters\"books\" in search textFiled(file:///C:/Users/girij/OneDrive/Desktop/BDDFramework/BddProject/./src/test/java/features/Search.feature:6)\r\n","status":"pending"},"line":6,"name":"user enters\"books\" in search textFiled","match":{"location":"stepDefination.Search.user_enters_books_in_search_text_filed()"},"keyword":"When "},{"result":{"status":"skipped"},"line":7,"name":"search results must be displayed","match":{"location":"stepDefination.Search.search_results_must_be_displayed()"},"keyword":"Then "}]}],"name":"Search","description":"","id":"search","keyword":"Feature","uri":"file:src/test/java/features/Search.feature","tags":[]},{"line":1,"elements":[{"start_timestamp":"2024-08-31T05:03:12.512Z","line":3,"name":"verify user able to login using valid credentials","description":"","id":"login;verify-user-able-to-login-using-valid-credentials","type":"scenario","keyword":"Scenario","steps":[{"result":{"duration":10886929200,"status":"passed"},"line":5,"name":"Browser is open and URL is navigated","match":{"location":"stepDefination.Login.browser_is_open_and_url_is_navigated()"},"keyword":"Given "},{"result":{"duration":2537620200,"status":"passed"},"line":6,"name":"login page is displayed","match":{"location":"stepDefination.Login.login_page_is_displayed()"},"keyword":"And "},{"result":{"duration":203831100,"status":"passed"},"line":7,"name":"user enters valid username and valid password","match":{"location":"stepDefination.Login.user_enters_valid_username_and_valid_password()"},"keyword":"When "},{"result":{"duration":962260500,"status":"passed"},"line":8,"name":"user clicks on login button","match":{"location":"stepDefination.Login.user_clicks_on_login_button()"},"keyword":"And "},{"result":{"duration":53855800,"status":"passed"},"line":9,"name":"user should be sucessfully logged in","match":{"location":"stepDefination.Login.user_should_be_sucessfully_logged_in()"},"keyword":"Then "},{"result":{"duration":292372300,"status":"passed"},"line":10,"name":"browser should closed","match":{"location":"stepDefination.Login.browser_should_closed()"},"keyword":"And "}]}],"name":"Login","description":"","id":"login","keyword":"Feature","uri":"file:src/test/java/features/login.feature","tags":[]}]